Escenario 1
Autor706: <Autor706, Autor599, Autor261, ErdosP>
Autor377: <Autor377, Autor505, Autor609, ErdosP>
Autor874: <Autor874, Autor609, ErdosP>
Autor605: <Autor605, Autor68, Autor719, ErdosP>
Autor975: <Autor975, Autor57, ErdosP>
Autor171: <Autor171, Autor544, ErdosP>
Autor908: <Autor908, Autor882, Autor149, ErdosP>
Autor117: <Autor117, Autor211, Autor719, ErdosP>
Autor120: <Autor120, Autor68, Autor719, ErdosP>
Autor398: <Autor398, Autor271, Autor113, ErdosP>
Autor894: <Autor894, Autor482, Autor630, Autor261, ErdosP>
Autor723: <Autor723, Autor332, Autor544, ErdosP>
Autor216: <Autor216, Autor467, Autor719, ErdosP>
Autor604: <Autor604, Autor677, Autor84, ErdosP>
Autor214: <Autor214, Autor261, ErdosP>
Autor129: <Autor129, Autor642, Autor149, ErdosP>
Autor698: <Autor698, Autor703, ErdosP>
Autor164: <Autor164, Autor858, Autor270, ErdosP>
Autor924: <Autor924, Autor719, ErdosP>
Autor911: <Autor911, Autor824, Autor544, ErdosP>
Autor783: <Autor783, Autor677, Autor84, ErdosP>
Autor139: <Autor139, Autor467, Autor719, ErdosP>
Autor181: <Autor181, Autor486, Autor261, ErdosP>
Autor45: <Autor45, Autor486, Autor261, ErdosP>
Autor274: <Autor274, Autor104, Autor609, ErdosP>
Autor950: <Autor950, Autor211, Autor719, ErdosP>
Escenario 2
Autor117: <Autor117, Autor263, Autor518, ErdosP>
Autor459: <Autor459, Autor755, ErdosP>
Autor404: <Autor404, Autor951, Autor107, ErdosP>
Autor451: <Autor451, Autor418, Autor518, ErdosP>
Autor521: <Autor521, Autor459, Autor755, ErdosP>
Autor722: <Autor722, Autor949, Autor239, ErdosP>
Autor57: <Autor57, Autor936, Autor684, ErdosP>
Autor12: <Autor12, Autor581, Autor885, ErdosP>
Autor115: <Autor115, Autor401, Autor518, ErdosP>
Autor937: <Autor937, Autor949, Autor239, ErdosP>
Autor234: <Autor234, Autor223, Autor251, ErdosP>
Autor518: <Autor518, ErdosP>
Autor818: <Autor818, Autor1, Autor518, ErdosP>
Autor215: <Autor215, Autor885, ErdosP>
Autor423: <Autor423, Autor348, Autor885, ErdosP>
Autor695: <Autor695, Autor518, ErdosP>
Autor21: <Autor21, Autor838, Autor561, ErdosP>
Autor120: <Autor120, Autor275, Autor223, Autor251, ErdosP>
Autor361: <Autor361, Autor662, Autor684, ErdosP>
Autor328: <Autor328, Autor437, Autor426, Autor335, ErdosP>
Autor619: <Autor619, Autor653, Autor618, ErdosP>
Autor468: <Autor468, Autor561, ErdosP>
Autor287: <Autor287, Autor822, Autor885, ErdosP>
Autor417: <Autor417, Autor143, Autor561, ErdosP>
Autor870: <Autor870, Autor747, Autor561, ErdosP>
Autor926: <Autor926, Autor838, Autor561, ErdosP>
Autor877: <Autor877, Autor418, Autor518, ErdosP>
Autor207: <Autor207, Autor872, Autor618, ErdosP>
Autor723: <Autor723, Autor826, Autor684, ErdosP>
Escenario 3
Autor526: <Autor526, Autor721, ErdosP>
Autor25: <Autor25, Autor518, ErdosP>
Autor957: <Autor957, Autor269, ErdosP>
Autor726: <Autor726, Autor518, ErdosP>
Autor175: <Autor175, Autor273, ErdosP>
Autor47: <Autor47, Autor764, Autor273, ErdosP>
Autor23: <Autor23, Autor25, Autor518, ErdosP>
Autor872: <Autor872, Autor411, Autor165, ErdosP>
Autor204: <Autor204, Autor374, Autor273, ErdosP>
Autor104: <Autor104, Autor206, ErdosP>
Autor223: <Autor223, Autor461, ErdosP>
Autor772: <Autor772, Autor246, Autor206, ErdosP>
Autor644: <Autor644, Autor875, Autor659, ErdosP>
Autor400: <Autor400, Autor650, Autor165, ErdosP>
Autor482: <Autor482, Autor998, Autor513, ErdosP>
Autor485: <Autor485, Autor442, Autor273, ErdosP>
Autor510: <Autor510, Autor703, Autor591, ErdosP>
Autor637: <Autor637, Autor75, Autor975, Autor708, ErdosP>
Autor412: <Autor412, Autor206, ErdosP>
Autor489: <Autor489, Autor25, Autor518, ErdosP>
Autor245: <Autor245, Autor25, Autor518, ErdosP>
Autor372: <Autor372, Autor206, ErdosP>
Autor345: <Autor345, Autor626, Autor355, ErdosP>
Autor281: <Autor281, Autor618, Autor273, ErdosP>
Autor682: <Autor682, Autor708, ErdosP>
Autor303: <Autor303, Autor570, Autor273, ErdosP>
Autor648: <Autor648, Autor641, Autor273, ErdosP>
Autor567: <Autor567, Autor246, Autor206, ErdosP>
Autor197: <Autor197, Autor717, Autor165, ErdosP>
Autor67: <Autor67, Autor540, Autor273, ErdosP>
Autor717: <Autor717, Autor165, ErdosP>
Autor824: <Autor824, Autor64, Autor708, ErdosP>
Autor986: <Autor986, Autor511, Autor355, ErdosP>
Autor267: <Autor267, Autor239, Autor273, ErdosP>
Autor130: <Autor130, Autor526, Autor721, ErdosP>
Autor31: <Autor31, Autor794, Autor269, ErdosP>
