Escenario 1
Autor137: <Autor137, Autor409, Autor281, Autor907, ErdosP>
Autor154: <Autor154, Autor173, Autor281, Autor907, ErdosP>
Autor401: <Autor401, Autor450, Autor246, Autor281, Autor907, ErdosP>
Autor149: <Autor149, Autor700, Autor953, Autor80, Autor907, ErdosP>
Autor49: <Autor49, Autor450, Autor246, Autor281, Autor907, ErdosP>
Autor119: <Autor119, Autor296, Autor392, Autor80, Autor907, ErdosP>
Escenario 2
Autor808: <Autor808, Autor159, Autor837, Autor119, ErdosP>
Autor227: <Autor227, Autor323, Autor980, Autor874, Autor119, ErdosP>
Autor986: <Autor986, Autor954, Autor319, ErdosP>
Autor380: <Autor380, Autor626, Autor47, ErdosP>
Autor187: <Autor187, Autor626, Autor47, ErdosP>
Autor587: <Autor587, Autor793, Autor24, Autor47, ErdosP>
ErdosP: <ErdosP>
Autor546: <Autor546, Autor24, Autor47, ErdosP>
Autor266: <Autor266, Autor79, Autor332, Autor319, ErdosP>
Autor761: <Autor761, Autor471, Autor837, Autor119, ErdosP>
Autor927: <Autor927, Autor830, Autor385, Autor297, Autor319, ErdosP>
Autor120: <Autor120, Autor313, Autor403, Autor642, ErdosP>
Autor626: <Autor626, Autor47, ErdosP>
Autor862: <Autor862, Autor254, Autor874, Autor119, ErdosP>
Autor836: <Autor836, Autor159, Autor837, Autor119, ErdosP>
Autor3: <Autor3, Autor313, Autor403, Autor642, ErdosP>
Autor502: <Autor502, Autor106, Autor210, Autor119, ErdosP>
Autor556: <Autor556, Autor159, Autor837, Autor119, ErdosP>
Autor560: <Autor560, Autor276, Autor24, Autor47, ErdosP>
Autor837: <Autor837, Autor119, ErdosP>
Autor451: <Autor451, Autor210, Autor119, ErdosP>
Autor859: <Autor859, Autor4, Autor988, Autor119, ErdosP>
Autor311: <Autor311, Autor217, Autor319, ErdosP>
Autor767: <Autor767, Autor988, Autor119, ErdosP>
Autor490: <Autor490, Autor451, Autor210, Autor119, ErdosP>
Autor402: <Autor402, Autor826, Autor297, Autor319, ErdosP>
Autor791: <Autor791, Autor187, Autor626, Autor47, ErdosP>
Autor105: <Autor105, Autor546, Autor24, Autor47, ErdosP>
Autor636: <Autor636, Autor319, ErdosP>
Autor642: <Autor642, ErdosP>
Autor753: <Autor753, Autor242, Autor954, Autor319, ErdosP>
