Escenario 1
Autor194: <Autor194, Autor529, Autor535, ErdosP>
Autor1372: <Autor1372, Autor597, Autor354, ErdosP>
Autor742: <Autor742, Autor992, Autor535, ErdosP>
Autor1161: <Autor1161, Autor1246, ErdosP>
Autor215: <Autor215, Autor691, Autor673, ErdosP>
Autor768: <Autor768, Autor1115, Autor354, ErdosP>
Autor952: <Autor952, Autor609, Autor535, ErdosP>
Autor696: <Autor696, Autor354, ErdosP>
Autor642: <Autor642, Autor674, Autor1246, ErdosP>
Autor804: <Autor804, Autor750, Autor535, ErdosP>
Autor332: <Autor332, Autor1064, Autor673, ErdosP>
Autor344: <Autor344, Autor1030, Autor535, ErdosP>
Autor1355: <Autor1355, Autor959, Autor535, ErdosP>
Autor617: <Autor617, Autor609, Autor535, ErdosP>
Autor950: <Autor950, Autor1370, Autor74, Autor1246, ErdosP>
Autor750: <Autor750, Autor535, ErdosP>
Autor231: <Autor231, Autor571, Autor354, ErdosP>
Autor314: <Autor314, Autor1064, Autor673, ErdosP>
Autor400: <Autor400, Autor674, Autor1246, ErdosP>
Autor1040: <Autor1040, Autor1064, Autor673, ErdosP>
Autor1017: <Autor1017, Autor720, Autor1376, ErdosP>
Autor539: <Autor539, Autor1027, Autor593, ErdosP>
Autor669: <Autor669, Autor558, ErdosP>
Autor872: <Autor872, Autor512, Autor354, ErdosP>
Autor894: <Autor894, Autor299, Autor1246, ErdosP>
Autor1255: <Autor1255, Autor602, Autor1056, Autor535, ErdosP>
Autor1105: <Autor1105, Autor1246, ErdosP>
Autor1130: <Autor1130, Autor512, Autor354, ErdosP>
Autor753: <Autor753, Autor966, Autor1376, ErdosP>
Autor1373: <Autor1373, Autor1030, Autor535, ErdosP>
Escenario 2
Autor1160: <Autor1160, Autor92, Autor301, ErdosP>
Autor31: <Autor31, Autor296, Autor1333, ErdosP>
Autor758: <Autor758, Autor950, Autor1333, ErdosP>
Autor1207: <Autor1207, Autor36, Autor301, ErdosP>
Autor48: <Autor48, Autor1286, Autor894, ErdosP>
Autor1065: <Autor1065, Autor780, Autor18, ErdosP>
Autor355: <Autor355, Autor371, Autor18, ErdosP>
Autor973: <Autor973, Autor853, Autor301, ErdosP>
Autor1359: <Autor1359, Autor1333, ErdosP>
Autor1343: <Autor1343, Autor275, Autor953, ErdosP>
Autor131: <Autor131, Autor624, Autor18, ErdosP>
Autor904: <Autor904, Autor945, Autor1333, ErdosP>
Autor412: <Autor412, Autor1286, Autor894, ErdosP>
Autor275: <Autor275, Autor953, ErdosP>
Autor437: <Autor437, Autor1228, Autor953, ErdosP>
Autor886: <Autor886, Autor301, ErdosP>
Autor352: <Autor352, Autor279, Autor953, ErdosP>
Autor1077: <Autor1077, ErdosP>
Autor603: <Autor603, Autor829, Autor868, ErdosP>
Autor541: <Autor541, Autor599, Autor18, ErdosP>
Autor34: <Autor34, Autor743, ErdosP>
Autor1167: <Autor1167, Autor279, Autor953, ErdosP>
Autor780: <Autor780, Autor18, ErdosP>
Autor431: <Autor431, Autor199, Autor868, ErdosP>
Autor210: <Autor210, Autor207, Autor1077, ErdosP>
Autor273: <Autor273, Autor599, Autor18, ErdosP>
Autor500: <Autor500, Autor161, Autor953, ErdosP>
Autor138: <Autor138, Autor894, ErdosP>
Autor1022: <Autor1022, Autor280, Autor894, ErdosP>
Autor233: <Autor233, Autor1368, Autor743, ErdosP>
Autor1303: <Autor1303, Autor740, Autor345, ErdosP>
Autor498: <Autor498, Autor624, Autor18, ErdosP>
Autor1358: <Autor1358, Autor614, Autor743, ErdosP>
Autor100: <Autor100, Autor945, Autor1333, ErdosP>
Autor227: <Autor227, Autor235, Autor345, ErdosP>
Autor899: <Autor899, Autor413, Autor1077, ErdosP>
Autor1192: <Autor1192, Autor258, Autor345, ErdosP>
Autor55: <Autor55, Autor675, Autor301, ErdosP>
Autor1067: <Autor1067, Autor1013, Autor868, ErdosP>
Autor530: <Autor530, Autor154, Autor345, ErdosP>
Autor656: <Autor656, Autor296, Autor1333, ErdosP>
Autor322: <Autor322, Autor601, Autor894, ErdosP>
Autor829: <Autor829, Autor868, ErdosP>
