Escenario 1
Autor718: <Autor718, Autor223, Autor749, ErdosP>
Autor512: <Autor512, Autor330, ErdosP>
Autor343: <Autor343, Autor547, ErdosP>
Autor790: <Autor790, Autor214, Autor313, ErdosP>
Autor299: <Autor299, Autor20, Autor880, ErdosP>
Autor422: <Autor422, Autor6, Autor795, ErdosP>
Autor894: <Autor894, Autor300, Autor1116, ErdosP>
Autor560: <Autor560, Autor542, Autor1457, ErdosP>
Autor663: <Autor663, Autor1279, Autor1310, ErdosP>
Autor1491: <Autor1491, Autor1451, Autor1457, ErdosP>
Autor614: <Autor614, Autor769, Autor824, ErdosP>
Autor914: <Autor914, Autor430, Autor824, ErdosP>
Autor609: <Autor609, Autor795, ErdosP>
Autor495: <Autor495, Autor537, ErdosP>
Autor381: <Autor381, Autor228, Autor1457, ErdosP>
Autor1310: <Autor1310, ErdosP>
Autor728: <Autor728, Autor547, ErdosP>
Autor1246: <Autor1246, Autor609, Autor795, ErdosP>
Autor439: <Autor439, Autor1116, ErdosP>
Autor1446: <Autor1446, Autor1214, Autor1457, ErdosP>
Autor535: <Autor535, Autor257, Autor1116, ErdosP>
Autor833: <Autor833, Autor20, Autor880, ErdosP>
Autor621: <Autor621, Autor1185, Autor1116, ErdosP>
Autor333: <Autor333, Autor1451, Autor1457, ErdosP>
Autor1215: <Autor1215, ErdosP>
Autor550: <Autor550, Autor257, Autor1116, ErdosP>
Autor283: <Autor283, Autor1457, ErdosP>
Autor1411: <Autor1411, Autor1332, Autor880, ErdosP>
Autor801: <Autor801, Autor300, Autor1116, ErdosP>
Autor650: <Autor650, Autor664, Autor880, ErdosP>
Escenario 2
Autor1181: <Autor1181, Autor764, Autor161, ErdosP>
Autor1479: <Autor1479, Autor677, Autor1240, ErdosP>
Autor862: <Autor862, Autor1081, ErdosP>
Autor570: <Autor570, Autor1438, Autor290, ErdosP>
Autor604: <Autor604, Autor221, ErdosP>
Autor816: <Autor816, Autor290, ErdosP>
Autor499: <Autor499, Autor502, Autor828, ErdosP>
Autor912: <Autor912, Autor1347, Autor1443, ErdosP>
Autor167: <Autor167, Autor290, ErdosP>
Autor1061: <Autor1061, Autor1559, Autor1296, ErdosP>
Autor144: <Autor144, Autor1277, Autor1443, ErdosP>
Autor29: <Autor29, Autor625, Autor290, ErdosP>
Autor1584: <Autor1584, Autor768, Autor290, ErdosP>
Autor74: <Autor74, Autor526, Autor1501, ErdosP>
Autor1363: <Autor1363, Autor1434, ErdosP>
Autor830: <Autor830, Autor1534, Autor828, ErdosP>
Autor734: <Autor734, Autor171, Autor1501, ErdosP>
Autor567: <Autor567, Autor161, ErdosP>
Autor176: <Autor176, Autor1272, Autor814, ErdosP>
Autor26: <Autor26, Autor704, Autor510, Autor1081, ErdosP>
Autor382: <Autor382, Autor1312, Autor1240, ErdosP>
Autor968: <Autor968, Autor505, Autor425, ErdosP>
Autor356: <Autor356, Autor1596, Autor814, ErdosP>
Autor1349: <Autor1349, Autor853, Autor1443, ErdosP>
Autor1312: <Autor1312, Autor1240, ErdosP>
Autor49: <Autor49, Autor1030, Autor290, ErdosP>
Autor1500: <Autor1500, Autor292, Autor1443, ErdosP>
Autor403: <Autor403, Autor1077, Autor1081, ErdosP>
Autor117: <Autor117, Autor625, Autor290, ErdosP>
Autor1594: <Autor1594, Autor1590, Autor828, ErdosP>
Escenario 3
Autor1503: <Autor1503, Autor133, Autor468, Autor95, ErdosP>
Autor766: <Autor766, Autor1508, Autor1119, ErdosP>
Autor674: <Autor674, Autor379, Autor864, ErdosP>
Autor1351: <Autor1351, Autor95, ErdosP>
Autor625: <Autor625, Autor469, Autor95, ErdosP>
Autor201: <Autor201, Autor866, Autor1098, ErdosP>
Autor833: <Autor833, Autor353, Autor477, ErdosP>
Autor1: <Autor1, Autor438, Autor969, ErdosP>
Autor1331: <Autor1331, Autor1351, Autor95, ErdosP>
Autor666: <Autor666, Autor1306, Autor1456, ErdosP>
Autor122: <Autor122, Autor95, ErdosP>
Autor20: <Autor20, Autor60, Autor969, ErdosP>
Autor308: <Autor308, Autor785, Autor1306, Autor1456, ErdosP>
Autor1180: <Autor1180, Autor261, Autor95, ErdosP>
Autor1344: <Autor1344, Autor864, ErdosP>
Autor1100: <Autor1100, Autor619, Autor1322, ErdosP>
Autor749: <Autor749, Autor353, Autor477, ErdosP>
Autor202: <Autor202, Autor1344, Autor864, ErdosP>
Autor336: <Autor336, Autor856, Autor864, ErdosP>
Autor1147: <Autor1147, Autor186, Autor1456, ErdosP>
Autor1022: <Autor1022, Autor1119, ErdosP>
Autor637: <Autor637, Autor404, Autor1456, ErdosP>
Autor1415: <Autor1415, Autor95, ErdosP>
Autor180: <Autor180, Autor408, Autor969, ErdosP>
Autor952: <Autor952, Autor122, Autor95, ErdosP>
Autor318: <Autor318, Autor354, Autor1127, Autor864, ErdosP>
Autor1528: <Autor1528, Autor1493, Autor864, ErdosP>
Autor1096: <Autor1096, Autor1087, Autor1456, ErdosP>
Autor367: <Autor367, Autor1443, Autor726, Autor1119, ErdosP>
Autor1053: <Autor1053, Autor477, ErdosP>
Autor879: <Autor879, Autor751, Autor1119, ErdosP>
Autor78: <Autor78, Autor469, Autor95, ErdosP>
Autor1169: <Autor1169, Autor1119, ErdosP>
Autor1409: <Autor1409, Autor331, Autor95, ErdosP>
