Escenario 1
Autor1744: <Autor1744, Autor1386, Autor1366, ErdosP>
Autor291: <Autor291, Autor1287, Autor1366, ErdosP>
Autor853: <Autor853, Autor47, Autor111, ErdosP>
Autor36: <Autor36, Autor1964, Autor348, ErdosP>
Autor1218: <Autor1218, Autor804, Autor884, ErdosP>
Autor1599: <Autor1599, Autor1775, Autor884, ErdosP>
Autor1087: <Autor1087, Autor1201, Autor1366, ErdosP>
Autor1981: <Autor1981, Autor1287, Autor1366, ErdosP>
Autor653: <Autor653, Autor77, Autor1366, ErdosP>
Autor164: <Autor164, Autor45, Autor1366, ErdosP>
Autor1643: <Autor1643, Autor1566, Autor884, ErdosP>
Autor739: <Autor739, Autor454, Autor865, ErdosP>
Autor1812: <Autor1812, Autor1366, ErdosP>
Autor2078: <Autor2078, Autor749, Autor348, ErdosP>
Autor1031: <Autor1031, Autor1035, Autor865, ErdosP>
Autor283: <Autor283, Autor348, ErdosP>
Autor1365: <Autor1365, Autor1257, Autor348, ErdosP>
Autor2085: <Autor2085, Autor420, Autor884, ErdosP>
Autor1672: <Autor1672, Autor680, Autor348, ErdosP>
Autor2005: <Autor2005, Autor340, Autor348, ErdosP>
Autor86: <Autor86, Autor180, Autor111, ErdosP>
Autor897: <Autor897, Autor1604, Autor348, ErdosP>
Autor486: <Autor486, Autor1366, ErdosP>
Autor112: <Autor112, Autor1922, Autor92, ErdosP>
Autor722: <Autor722, Autor9, Autor884, ErdosP>
Autor420: <Autor420, Autor884, ErdosP>
Escenario 2
Autor16: <Autor16, Autor258, Autor981, ErdosP>
Autor743: <Autor743, Autor1307, ErdosP>
Autor173: <Autor173, Autor126, Autor1732, ErdosP>
Autor1683: <Autor1683, ErdosP>
Autor617: <Autor617, Autor1601, Autor847, ErdosP>
Autor1201: <Autor1201, Autor1307, ErdosP>
Autor1771: <Autor1771, Autor1833, Autor847, ErdosP>
Autor1639: <Autor1639, Autor1760, Autor1744, Autor1520, ErdosP>
Autor271: <Autor271, Autor416, Autor566, ErdosP>
Autor1905: <Autor1905, Autor626, Autor566, ErdosP>
Autor1361: <Autor1361, Autor1683, ErdosP>
Autor283: <Autor283, Autor566, ErdosP>
Autor1105: <Autor1105, Autor1195, Autor187, ErdosP>
Autor1834: <Autor1834, Autor343, Autor847, ErdosP>
Autor540: <Autor540, Autor1683, ErdosP>
Autor302: <Autor302, Autor247, Autor1307, ErdosP>
Autor614: <Autor614, Autor679, Autor847, ErdosP>
Autor1479: <Autor1479, Autor412, Autor1683, ErdosP>
Autor1926: <Autor1926, Autor1660, Autor187, ErdosP>
Autor369: <Autor369, Autor1550, Autor1683, ErdosP>
Autor438: <Autor438, Autor258, Autor981, ErdosP>
Autor382: <Autor382, Autor1732, ErdosP>
