Escenario 1
Autor64: <Autor64, ErdosP>
Autor71: <Autor71, Autor135, ErdosP>
Autor127: <Autor127, Autor108, ErdosP>
Autor77: <Autor77, ErdosP>
Autor40: <Autor40, Autor78, ErdosP>
Autor125: <Autor125, Autor158, ErdosP>
Autor156: <Autor156, Autor182, ErdosP>
Autor44: <Autor44, Autor137, ErdosP>
Autor42: <Autor42, Autor181, ErdosP>
Autor137: <Autor137, ErdosP>
Autor87: <Autor87, Autor26, ErdosP>
Autor43: <Autor43, Autor135, ErdosP>
Autor78: <Autor78, ErdosP>
Autor72: <Autor72, Autor158, ErdosP>
Autor178: <Autor178, Autor64, ErdosP>
Autor152: <Autor152, Autor182, ErdosP>
Autor189: <Autor189, Autor3, ErdosP>
Autor153: <Autor153, Autor29, ErdosP>
Autor182: <Autor182, ErdosP>
Autor60: <Autor60, Autor26, ErdosP>
ErdosP: <ErdosP>
Autor164: <Autor164, ErdosP>
Autor34: <Autor34, Autor182, ErdosP>
Autor119: <Autor119, ErdosP>
Autor24: <Autor24, Autor164, ErdosP>
Autor112: <Autor112, Autor137, ErdosP>
Autor15: <Autor15, ErdosP>
Autor158: <Autor158, ErdosP>
Autor27: <Autor27, Autor64, ErdosP>
Autor129: <Autor129, Autor29, ErdosP>
Escenario 2
Autor157: <Autor157, Autor162, ErdosP>
Autor141: <Autor141, Autor66, ErdosP>
Autor47: <Autor47, Autor162, ErdosP>
Autor102: <Autor102, Autor42, ErdosP>
Autor118: <Autor118, Autor162, ErdosP>
Autor196: <Autor196, Autor148, Autor139, ErdosP>
Autor139: <Autor139, ErdosP>
Autor100: <Autor100, Autor42, ErdosP>
Autor32: <Autor32, Autor162, ErdosP>
Autor97: <Autor97, Autor139, ErdosP>
Autor108: <Autor108, Autor39, ErdosP>
Autor147: <Autor147, Autor42, ErdosP>
Autor50: <Autor50, Autor66, ErdosP>
Autor110: <Autor110, Autor66, ErdosP>
Autor39: <Autor39, ErdosP>
Autor67: <Autor67, Autor50, Autor66, ErdosP>
Autor51: <Autor51, Autor42, ErdosP>
Escenario 3
Autor79: <Autor79, ErdosP>
Autor63: <Autor63, ErdosP>
Autor132: <Autor132, Autor151, ErdosP>
Autor162: <Autor162, Autor63, ErdosP>
Autor59: <Autor59, Autor99, ErdosP>
Autor173: <Autor173, Autor87, ErdosP>
Autor145: <Autor145, Autor64, ErdosP>
Autor30: <Autor30, Autor143, ErdosP>
Autor185: <Autor185, ErdosP>
ErdosP: <ErdosP>
Autor167: <Autor167, Autor188, ErdosP>
Autor196: <Autor196, Autor63, ErdosP>
Autor9: <Autor9, Autor34, ErdosP>
Autor38: <Autor38, Autor188, ErdosP>
Autor25: <Autor25, ErdosP>
Autor6: <Autor6, Autor173, Autor87, ErdosP>
Autor71: <Autor71, Autor87, ErdosP>
Autor61: <Autor61, ErdosP>
Autor147: <Autor147, Autor61, ErdosP>
Autor157: <Autor157, Autor63, ErdosP>
Autor58: <Autor58, ErdosP>
Autor158: <Autor158, Autor151, ErdosP>
Autor62: <Autor62, Autor58, ErdosP>
Autor129: <Autor129, Autor188, ErdosP>
Autor192: <Autor192, Autor188, ErdosP>
Escenario 4
Autor148: <Autor148, Autor71, ErdosP>
Autor10: <Autor10, Autor88, ErdosP>
Autor64: <Autor64, Autor181, ErdosP>
Autor113: <Autor113, Autor71, ErdosP>
Autor109: <Autor109, Autor112, ErdosP>
Autor81: <Autor81, Autor13, ErdosP>
Autor85: <Autor85, Autor181, ErdosP>
Autor31: <Autor31, Autor181, ErdosP>
Autor99: <Autor99, Autor13, ErdosP>
Autor186: <Autor186, Autor62, ErdosP>
Autor48: <Autor48, Autor181, ErdosP>
ErdosP: <ErdosP>
Autor180: <Autor180, Autor13, ErdosP>
Autor13: <Autor13, ErdosP>
Autor168: <Autor168, Autor71, ErdosP>
Autor21: <Autor21, Autor71, ErdosP>
Autor34: <Autor34, Autor13, ErdosP>
Autor179: <Autor179, Autor181, ErdosP>
Autor158: <Autor158, Autor62, ErdosP>
Autor190: <Autor190, Autor181, ErdosP>
Autor71: <Autor71, ErdosP>
Autor178: <Autor178, Autor96, ErdosP>
Escenario 5
Autor106: <Autor106, Autor11, ErdosP>
Autor24: <Autor24, Autor35, ErdosP>
Autor121: <Autor121, Autor195, ErdosP>
Autor134: <Autor134, ErdosP>
Autor40: <Autor40, ErdosP>
Autor8: <Autor8, ErdosP>
Autor177: <Autor177, Autor63, ErdosP>
Autor57: <Autor57, ErdosP>
Autor23: <Autor23, ErdosP>
Autor123: <Autor123, Autor187, ErdosP>
Autor74: <Autor74, ErdosP>
Autor140: <Autor140, Autor141, ErdosP>
Autor77: <Autor77, Autor23, ErdosP>
Autor139: <Autor139, Autor157, ErdosP>
Autor90: <Autor90, Autor63, ErdosP>
Autor150: <Autor150, ErdosP>
Autor193: <Autor193, Autor74, ErdosP>
Autor19: <Autor19, ErdosP>
Autor35: <Autor35, ErdosP>
